<html>
<head>
<title>TestNG:  Default test</title>
<link href="../testng.css" rel="stylesheet" type="text/css" />
<link href="../my-testng.css" rel="stylesheet" type="text/css" />

<style type="text/css">
.log { display: none;} 
.stack-trace { display: none;} 
</style>
<script type="text/javascript">
<!--
function flip(e) {
  current = e.style.display;
  if (current == 'block') {
    e.style.display = 'none';
    return 0;
  }
  else {
    e.style.display = 'block';
    return 1;
  }
}

function toggleBox(szDivId, elem, msg1, msg2)
{
  var res = -1;  if (document.getElementById) {
    res = flip(document.getElementById(szDivId));
  }
  else if (document.all) {
    // this is the way old msie versions work
    res = flip(document.all[szDivId]);
  }
  if(elem) {
    if(res == 0) elem.innerHTML = msg1; else elem.innerHTML = msg2;
  }

}

function toggleAllBoxes() {
  if (document.getElementsByTagName) {
    d = document.getElementsByTagName('div');
    for (i = 0; i < d.length; i++) {
      if (d[i].className == 'log') {
        flip(d[i]);
      }
    }
  }
}

// -->
</script>

</head>
<body>
<h2 align='center'>Default test</h2><table border='1' align="center">
<tr>
<td>Tests passed/Failed/Skipped:</td><td>0/1/0</td>
</tr><tr>
<td>Started on:</td><td>Mon Aug 08 16:38:57 IST 2016</td>
</tr>
<tr><td>Total time:</td><td>6 seconds (6487 ms)</td>
</tr><tr>
<td>Included groups:</td><td></td>
</tr><tr>
<td>Excluded groups:</td><td></td>
</tr>
</table><p/>
<small><i>(Hover the method name to see the test class name)</i></small><p/>
<table width='100%' border='1' class='invocation-failed'>
<tr><td colspan='4' align='center'><b>FAILED TESTS</b></td></tr>
<tr><td><b>Test method</b></td>
<td width="30%"><b>Exception</b></td>
<td width="10%"><b>Time (seconds)</b></td>
<td><b>Instance</b></td>
</tr>
<tr>
<td title='testscripts.CreateAccount.CreateAccountOneDevice()'><b>CreateAccountOneDevice</b><br>Test class: testscripts.CreateAccount<br>Parameters: {Execute=Yes, ExpectedAccountLevelPolicy=1 TB Plan_G5, ExpectedAccountLevelRatePlan=A1000, ExpectedmarketId=5, ExpectedDeviceLevelPolicy=Performance_G5, ProductNumber=8000094, ExpectedReleaseFlag=ACCOUNT, BillerEventDate=2016-05-10T07:11:21.000Z, Input=/soapenv:Envelope/soapenv:Body/ws:process/EEPEvent/eep:Header/eep:AccountNumber>AccountNumber
/soapenv:Envelope/soapenv:Body/ws:process/EEPEvent/eep:Header/eep:BillerEventDate>BillerEventDate
/soapenv:Envelope/soapenv:Body/ws:process/EEPEvent/eep:Header/eep:EEPCollectorDate>BillerEventDate
/soapenv:Envelope/soapenv:Body/ws:process/EEPEvent/eep:Header/eep:EEPMediationDate>BillerEventDate
/soapenv:Envelope/soapenv:Body/ws:process/EEPEvent/eep:Header/eep:EEPEventDate>BillerEventDate
/soapenv:Envelope/soapenv:Body/ws:process/EEPEvent/eep:Body/eep:Account/@accountNumber>AccountNumber
/soapenv:Envelope/soapenv:Body/ws:process/EEPEvent/eep:Body/eep:Account/eep:AccountStatus>AccountStatus
/soapenv:Envelope/soapenv:Body/ws:process/EEPEvent/eep:Body/eep:Account/eep:AccountSystemInfo/eep:AccountCustomerId>AccountCustomerId
/soapenv:Envelope/soapenv:Body/ws:process/EEPEvent/eep:Body/eep:Devices/eep:DeviceChanges/eep:DeviceInstalls/eep:Device/eep:DeviceStatus>DeviceStatus
/soapenv:Envelope/soapenv:Body/ws:process/EEPEvent/eep:Body/eep:Devices/eep:DeviceChanges/eep:DeviceInstalls/eep:Device/eep:DeviceModel>DeviceModel
/soapenv:Envelope/soapenv:Body/ws:process/EEPEvent/eep:Body/eep:Devices/eep:DeviceChanges/eep:DeviceInstalls/eep:Device/eep:DeviceAddresses/eep:DeviceAddress/eep:Address>MacAddress_1
/soapenv:Envelope/soapenv:Body/ws:process/EEPEvent/eep:Body/eep:Devices/eep:DeviceChanges/eep:DeviceInstalls/eep:Device/eep:DeviceServices/eep:EPC/eep:PN>ProdNum_1
/soapenv:Envelope/soapenv:Body/ws:process/EEPEvent/eep:Body/eep:Services/eep:ServiceChanges/eep:ServiceInstalls/eep:Service/eep:EPCServiceDef/eep:EPCProduct/@pn>ProdNum_1, Test=Create_Account_DDS_one_device_front_end_Performance, ExpectedValuesfromXML=/soapenv:Envelope/soapenv:Body/ws:process/EEPEvent/eep:Body/eep:Account/eep:HomePhone>HomePhone
/soapenv:Envelope/soapenv:Body/ws:process/EEPEvent/eep:Body/eep:Account/eep:FirstName>FirstName
/soapenv:Envelope/soapenv:Body/ws:process/EEPEvent/eep:Body/eep:Account/eep:LastName>LastName
/soapenv:Envelope/soapenv:Body/ws:process/EEPEvent/eep:Body/eep:Account/eep:CustomerType>CustomerType
/soapenv:Envelope/soapenv:Body/ws:process/EEPEvent/eep:Body/eep:Devices/eep:DeviceChanges/eep:DeviceInstalls/eep:Device/eep:DeviceModel>DeviceModel
/soapenv:Envelope/soapenv:Body/ws:process/EEPEvent/eep:Body/eep:Devices/eep:DeviceChanges/eep:DeviceInstalls/eep:Device/eep:DeviceServices/eep:Biller/eep:ServiceID>ServiceID
/soapenv:Envelope/soapenv:Body/ws:process/EEPEvent/eep:Body/eep:Services/eep:ServiceChanges/eep:ServiceInstalls/eep:Service/@serviceID>serviceID_1
/soapenv:Envelope/soapenv:Body/ws:process/EEPEvent/eep:Body/eep:Services/eep:ServiceChanges/eep:ServiceInstalls/eep:Service/eep:Rate>Rate
/soapenv:Envelope/soapenv:Body/ws:process/EEPEvent/eep:Body/eep:Services/eep:ServiceChanges/eep:ServiceInstalls/eep:Service/eep:Desc>Desc
/soapenv:Envelope/soapenv:Body/ws:process/EEPEvent/eep:Body/eep:Services/eep:ServiceChanges/eep:ServiceInstalls/eep:Service/eep:EPCServiceDef/eep:EPCProduct/eep:Name>Name
/soapenv:Envelope/soapenv:Body/ws:process/EEPEvent/eep:Body/eep:Location/eep:ServiceAddress/eep:AddressLine1>AddressLine1
/soapenv:Envelope/soapenv:Body/ws:process/EEPEvent/eep:Body/eep:Location/eep:ServiceAddress/eep:City>City
/soapenv:Envelope/soapenv:Body/ws:process/EEPEvent/eep:Body/eep:Location/eep:ServiceAddress/eep:State>State
/soapenv:Envelope/soapenv:Body/ws:process/EEPEvent/eep:Body/eep:Location/eep:ServiceAddress/eep:Zipcode>Zipcode, ExpectedAccountLevelProdNum=0, Sysprin=821010020, ExpectedAutoBillFlag=Y}</td>
<td><div><pre>java.lang.AssertionError: Add Customer as part of DDS failed expected [true] but found [false]
	at org.testng.Assert.fail(Assert.java:94)
	at org.testng.Assert.failNotEquals(Assert.java:513)
	at org.testng.Assert.assertEqualsImpl(Assert.java:135)
	at org.testng.Assert.assertEquals(Assert.java:116)
	at org.testng.Assert.assertEquals(Assert.java:305)
	at com.comcast.applicationOpr.DDS.DDSCheck(DDS.java:42)
	at testscripts.CreateAccount.CreateAccountOneDevice(CreateAccount.java:56)
	at sun.reflect.NativeMethodAccessorImpl.invoke0(Native Method)
	at sun.reflect.NativeMethodAccessorImpl.invoke(Unknown Source)
	at sun.reflect.DelegatingMethodAccessorImpl.invoke(Unknown Source)
	at java.lang.reflect.Method.invoke(Unknown Source)
	at org.testng.internal.MethodInvocationHelper.invokeMethod(MethodInvocationHelper.java:86)
	at org.testng.internal.Invoker.invokeMethod(Invoker.java:643)
	at org.testng.internal.Invoker.invokeTestMethod(Invoker.java:820)
	at org.testng.internal.Invoker.invokeTestMethods(Invoker.java:1128)
	at org.testng.internal.TestMethodWorker.invokeTestMethods(TestMethodWorker.java:129)
	at org.testng.internal.TestMethodWorker.run(TestMethodWorker.java:112)
	at org.testng.TestRunner.privateRun(TestRunner.java:782)
	at org.testng.TestRunner.run(TestRunner.java:632)
	at org.testng.SuiteRunner.runTest(SuiteRunner.java:366)
	at org.testng.SuiteRunner.runSequentially(SuiteRunner.java:361)
	at org.testng.SuiteRunner.privateRun(SuiteRunner.java:319)
	at org.testng.SuiteRunner.run(SuiteRunner.java:268)
	at org.testng.SuiteRunnerWorker.runSuite(SuiteRunnerWorker.java:52)
	at org.testng.SuiteRunnerWorker.run(SuiteRunnerWorker.java:86)
	at org.testng.TestNG.runSuitesSequentially(TestNG.java:1244)
	at org.testng.TestNG.runSuitesLocally(TestNG.java:1169)
	at org.testng.TestNG.run(TestNG.java:1064)
	at org.testng.remote.RemoteTestNG.run(RemoteTestNG.java:113)
	at org.testng.remote.RemoteTestNG.initAndRun(RemoteTestNG.java:206)
	at org.testng.remote.RemoteTestNG.main(RemoteTestNG.java:177)
</pre></div><a href='#' onClick='toggleBox("stack-trace20889460", this, "Click to show all stack frames", "Click to hide stack frames")'>Click to show all stack frames</a>
<div class='stack-trace' id='stack-trace20889460'><pre>java.lang.AssertionError: Add Customer as part of DDS failed expected [true] but found [false]
	at org.testng.Assert.fail(Assert.java:94)
	at org.testng.Assert.failNotEquals(Assert.java:513)
	at org.testng.Assert.assertEqualsImpl(Assert.java:135)
	at org.testng.Assert.assertEquals(Assert.java:116)
	at org.testng.Assert.assertEquals(Assert.java:305)
	at com.comcast.applicationOpr.DDS.DDSCheck(DDS.java:42)
	at testscripts.CreateAccount.CreateAccountOneDevice(CreateAccount.java:56)
	at sun.reflect.NativeMethodAccessorImpl.invoke0(Native Method)
	at sun.reflect.NativeMethodAccessorImpl.invoke(Unknown Source)
	at sun.reflect.DelegatingMethodAccessorImpl.invoke(Unknown Source)
	at java.lang.reflect.Method.invoke(Unknown Source)
	at org.testng.internal.MethodInvocationHelper.invokeMethod(MethodInvocationHelper.java:86)
	at org.testng.internal.Invoker.invokeMethod(Invoker.java:643)
	at org.testng.internal.Invoker.invokeTestMethod(Invoker.java:820)
	at org.testng.internal.Invoker.invokeTestMethods(Invoker.java:1128)
	at org.testng.internal.TestMethodWorker.invokeTestMethods(TestMethodWorker.java:129)
	at org.testng.internal.TestMethodWorker.run(TestMethodWorker.java:112)
	at org.testng.TestRunner.privateRun(TestRunner.java:782)
	at org.testng.TestRunner.run(TestRunner.java:632)
	at org.testng.SuiteRunner.runTest(SuiteRunner.java:366)
	at org.testng.SuiteRunner.runSequentially(SuiteRunner.java:361)
	at org.testng.SuiteRunner.privateRun(SuiteRunner.java:319)
	at org.testng.SuiteRunner.run(SuiteRunner.java:268)
	at org.testng.SuiteRunnerWorker.runSuite(SuiteRunnerWorker.java:52)
	at org.testng.SuiteRunnerWorker.run(SuiteRunnerWorker.java:86)
	at org.testng.TestNG.runSuitesSequentially(TestNG.java:1244)
	at org.testng.TestNG.runSuitesLocally(TestNG.java:1169)
	at org.testng.TestNG.run(TestNG.java:1064)
	at org.testng.remote.RemoteTestNG.run(RemoteTestNG.java:113)
	at org.testng.remote.RemoteTestNG.initAndRun(RemoteTestNG.java:206)
	at org.testng.remote.RemoteTestNG.main(RemoteTestNG.java:177)
</pre></div></td>
<td>5</td>
<td>testscripts.CreateAccount@9f0666</td></tr>
</table><p>
</body>
</html>